<?xml version="1.0" encoding="UTF-8"?>
<!-- Generated by org.testng.reporters.JUnitXMLReporter -->
<testsuite ignored="10" hostname="DESKTOP-JJUAQ9I" failures="0" tests="2" name="Test" time="362.723" errors="0" timestamp="2023-12-22T15:54:50 IST">
  <testcase classname="commonMethods.Testcases" name="buyCryptoUSDoller" time="186.593"/>
  <testcase classname="commonMethods.Testcases" name="buyCryptoSingapore" time="175.843"/>
  <testcase classname="commonMethods.Testcases" name="buyCryptoBritishLite" time="0.0">
    <ignored/>
  </testcase> <!-- buyCryptoBritishLite -->
  <testcase classname="commonMethods.Testcases" name="buyCryptoCanada" time="0.0">
    <ignored/>
  </testcase> <!-- buyCryptoCanada -->
  <testcase classname="commonMethods.Testcases" name="buyCryptoBritish" time="0.0">
    <ignored/>
  </testcase> <!-- buyCryptoBritish -->
  <testcase classname="commonMethods.Testcases" name="buyCryptoSingaporeLite" time="0.0">
    <ignored/>
  </testcase> <!-- buyCryptoSingaporeLite -->
  <testcase classname="commonMethods.Testcases" name="buyCryptoNorwegian" time="0.0">
    <ignored/>
  </testcase> <!-- buyCryptoNorwegian -->
  <testcase classname="commonMethods.Testcases" name="buyCryptoUSDollerLite" time="0.0">
    <ignored/>
  </testcase> <!-- buyCryptoUSDollerLite -->
  <testcase classname="commonMethods.Testcases" name="buyCryptoEuroLite" time="0.0">
    <ignored/>
  </testcase> <!-- buyCryptoEuroLite -->
  <testcase classname="commonMethods.Testcases" name="buyCryptoNewZealand" time="0.0">
    <ignored/>
  </testcase> <!-- buyCryptoNewZealand -->
  <testcase classname="commonMethods.Testcases" name="buyCryptoSwedish" time="0.0">
    <ignored/>
  </testcase> <!-- buyCryptoSwedish -->
  <testcase classname="commonMethods.Testcases" name="buyCryptoEuro" time="0.0">
    <ignored/>
  </testcase> <!-- buyCryptoEuro -->
</testsuite> <!-- Test -->
